2022-39-24 00:39:28.267 [main] DEBUG org.testng.TestNG - suiteXmlPath: "C:\Users\tbhattacharjee\AppData\Local\JetBrains\IdeaIC2022.1\temp-testng-customsuite.xml"
2022-39-24 00:39:28.397 [main] DEBUG org.testng.internal.Graph - [Graph] ADDING NODE TestClass.login()[pri:0, instance:null] 698970286
2022-39-24 00:39:28.397 [main] DEBUG org.testng.internal.Graph - [Graph] ================ SORTING
2022-39-24 00:39:28.399 [main] DEBUG org.testng.internal.Graph - [Graph] =============== DONE SORTING
2022-39-24 00:39:28.399 [main] DEBUG org.testng.internal.Graph - [Graph] ====== SORTED NODES
2022-39-24 00:39:28.399 [main] DEBUG org.testng.internal.Graph - [Graph] ====== END SORTED NODES
2022-39-24 00:39:28.403 [main] DEBUG org.testng.internal.Graph - [Graph] ADDING NODE TestClass.login()[pri:0, instance:TestClass@3d3e5463] 1220737397
2022-39-24 00:39:28.410 [main] DEBUG org.testng.internal.Graph - [Graph] ================ SORTING
2022-39-24 00:39:28.410 [main] DEBUG org.testng.internal.Graph - [Graph] =============== DONE SORTING
2022-39-24 00:39:28.410 [main] DEBUG org.testng.internal.Graph - [Graph] ====== SORTED NODES
2022-39-24 00:39:28.410 [main] DEBUG org.testng.internal.Graph - [Graph] ====== END SORTED NODES
2022-39-24 00:39:28.412 [main] DEBUG org.testng.internal.Graph - [Graph] ADDING NODE TestClass.test()[pri:0, instance:TestClass@3d3e5463] 81718064
2022-39-24 00:39:28.412 [main] DEBUG org.testng.internal.Graph - [Graph] ================ SORTING
2022-39-24 00:39:28.413 [main] DEBUG org.testng.internal.Graph - [Graph] =============== DONE SORTING
2022-39-24 00:39:28.413 [main] DEBUG org.testng.internal.Graph - [Graph] ====== SORTED NODES
2022-39-24 00:39:28.413 [main] DEBUG org.testng.internal.Graph - [Graph] ====== END SORTED NODES
2022-39-24 00:39:28.416 [main] INFO  org.testng.internal.Utils - [TestNG] Running:
  C:\Users\tbhattacharjee\AppData\Local\JetBrains\IdeaIC2022.1\temp-testng-customsuite.xml

2022-39-24 00:39:28.501 [main] DEBUG io.netty.util.internal.logging.InternalLoggerFactory - Using SLF4J as the default logging framework
2022-39-24 00:39:28.505 [main] DEBUG io.netty.util.ResourceLeakDetector - -Dio.netty.leakDetection.level: simple
2022-39-24 00:39:28.506 [main] DEBUG io.netty.util.ResourceLeakDetector - -Dio.netty.leakDetection.targetRecords: 4
2022-39-24 00:39:28.509 [main] DEBUG io.netty.util.ResourceLeakDetectorFactory - Loaded default ResourceLeakDetector: io.netty.util.ResourceLeakDetector@a5bd950
2022-39-24 00:39:28.525 [main] DEBUG io.netty.util.internal.PlatformDependent0 - -Dio.netty.noUnsafe: false
2022-39-24 00:39:28.526 [main] DEBUG io.netty.util.internal.PlatformDependent0 - Java version: 17
2022-39-24 00:39:28.527 [main] DEBUG io.netty.util.internal.PlatformDependent0 - sun.misc.Unsafe.theUnsafe: available
2022-39-24 00:39:28.527 [main] DEBUG io.netty.util.internal.PlatformDependent0 - sun.misc.Unsafe.copyMemory: available
2022-39-24 00:39:28.527 [main] DEBUG io.netty.util.internal.PlatformDependent0 - java.nio.Buffer.address: available
2022-39-24 00:39:28.528 [main] DEBUG io.netty.util.internal.PlatformDependent0 - direct buffer constructor: unavailable
java.lang.UnsupportedOperationException: Reflective setAccessible(true) disabled
	at io.netty.util.internal.ReflectionUtil.trySetAccessible(ReflectionUtil.java:31) ~[netty-common-4.1.73.Final.jar:4.1.73.Final]
	at io.netty.util.internal.PlatformDependent0$4.run(PlatformDependent0.java:253) ~[netty-common-4.1.73.Final.jar:4.1.73.Final]
	at java.security.AccessController.doPrivileged(AccessController.java:318) ~[?:?]
	at io.netty.util.internal.PlatformDependent0.<clinit>(PlatformDependent0.java:247) ~[netty-common-4.1.73.Final.jar:4.1.73.Final]
	at io.netty.util.internal.PlatformDependent.isAndroid(PlatformDependent.java:294) ~[netty-common-4.1.73.Final.jar:4.1.73.Final]
	at io.netty.util.internal.PlatformDependent.<clinit>(PlatformDependent.java:88) ~[netty-common-4.1.73.Final.jar:4.1.73.Final]
	at io.netty.util.HashedWheelTimer.<init>(HashedWheelTimer.java:114) ~[netty-common-4.1.73.Final.jar:4.1.73.Final]
	at io.netty.util.HashedWheelTimer.<init>(HashedWheelTimer.java:251) ~[netty-common-4.1.73.Final.jar:4.1.73.Final]
	at io.netty.util.HashedWheelTimer.<init>(HashedWheelTimer.java:224) ~[netty-common-4.1.73.Final.jar:4.1.73.Final]
	at io.netty.util.HashedWheelTimer.<init>(HashedWheelTimer.java:203) ~[netty-common-4.1.73.Final.jar:4.1.73.Final]
	at org.asynchttpclient.DefaultAsyncHttpClient.newNettyTimer(DefaultAsyncHttpClient.java:111) ~[async-http-client-2.12.3.jar:?]
	at org.asynchttpclient.DefaultAsyncHttpClient.<init>(DefaultAsyncHttpClient.java:90) ~[async-http-client-2.12.3.jar:?]
	at org.asynchttpclient.Dsl.asyncHttpClient(Dsl.java:32) ~[async-http-client-2.12.3.jar:?]
	at org.openqa.selenium.remote.http.netty.NettyClient.createHttpClient(NettyClient.java:105) ~[selenium-remote-driver-4.1.2.jar:?]
	at org.openqa.selenium.remote.http.netty.NettyClient.<clinit>(NettyClient.java:50) ~[selenium-remote-driver-4.1.2.jar:?]
	at org.openqa.selenium.remote.http.netty.NettyClient$Factory.createClient(NettyClient.java:146) ~[selenium-remote-driver-4.1.2.jar:?]
	at org.openqa.selenium.remote.HttpCommandExecutor.<init>(HttpCommandExecutor.java:107) ~[selenium-remote-driver-4.1.2.jar:?]
	at org.openqa.selenium.remote.HttpCommandExecutor.<init>(HttpCommandExecutor.java:94) ~[selenium-remote-driver-4.1.2.jar:?]
	at org.openqa.selenium.remote.HttpCommandExecutor.<init>(HttpCommandExecutor.java:85) ~[selenium-remote-driver-4.1.2.jar:?]
	at org.openqa.selenium.remote.service.DriverCommandExecutor.<init>(DriverCommandExecutor.java:80) ~[selenium-remote-driver-4.1.2.jar:?]
	at org.openqa.selenium.chromium.ChromiumDriverCommandExecutor.<init>(ChromiumDriverCommandExecutor.java:35) ~[selenium-chromium-driver-4.1.2.jar:?]
	at org.openqa.selenium.chrome.ChromeDriver$ChromeDriverCommandExecutor.<init>(ChromeDriver.java:118) ~[selenium-chrome-driver-4.1.2.jar:?]
	at org.openqa.selenium.chrome.ChromeDriver.<init>(ChromeDriver.java:106) ~[selenium-chrome-driver-4.1.2.jar:?]
	at org.openqa.selenium.chrome.ChromeDriver.<init>(ChromeDriver.java:93) ~[selenium-chrome-driver-4.1.2.jar:?]
	at org.openqa.selenium.chrome.ChromeDriver.<init>(ChromeDriver.java:48) ~[selenium-chrome-driver-4.1.2.jar:?]
	at Base.BaseClass.init(BaseClass.java:25) ~[classes/:?]
	at TestClass.login(TestClass.java:11) ~[test-classes/:?]
	at jdk.internal.reflect.NativeMethodAccessorImpl.invoke0(Native Method) ~[?:?]
	at jdk.internal.reflect.NativeMethodAccessorImpl.invoke(NativeMethodAccessorImpl.java:77) ~[?:?]
	at jdk.internal.reflect.DelegatingMethodAccessorImpl.invoke(DelegatingMethodAccessorImpl.java:43) ~[?:?]
	at java.lang.reflect.Method.invoke(Method.java:568) ~[?:?]
	at org.testng.internal.invokers.MethodInvocationHelper.invokeMethod(MethodInvocationHelper.java:135) ~[testng-7.5.jar:7.5]
	at org.testng.internal.invokers.MethodInvocationHelper.invokeMethodConsideringTimeout(MethodInvocationHelper.java:65) ~[testng-7.5.jar:7.5]
	at org.testng.internal.invokers.ConfigInvoker.invokeConfigurationMethod(ConfigInvoker.java:381) ~[testng-7.5.jar:7.5]
	at org.testng.internal.invokers.ConfigInvoker.invokeConfigurations(ConfigInvoker.java:319) ~[testng-7.5.jar:7.5]
	at org.testng.TestRunner.invokeTestConfigurations(TestRunner.java:645) ~[testng-7.5.jar:7.5]
	at org.testng.TestRunner.beforeRun(TestRunner.java:634) ~[testng-7.5.jar:7.5]
	at org.testng.TestRunner.run(TestRunner.java:596) ~[testng-7.5.jar:7.5]
	at org.testng.SuiteRunner.runTest(SuiteRunner.java:429) ~[testng-7.5.jar:7.5]
	at org.testng.SuiteRunner.runSequentially(SuiteRunner.java:423) ~[testng-7.5.jar:7.5]
	at org.testng.SuiteRunner.privateRun(SuiteRunner.java:383) ~[testng-7.5.jar:7.5]
	at org.testng.SuiteRunner.run(SuiteRunner.java:326) ~[testng-7.5.jar:7.5]
	at org.testng.SuiteRunnerWorker.runSuite(SuiteRunnerWorker.java:52) ~[testng-7.5.jar:7.5]
	at org.testng.SuiteRunnerWorker.run(SuiteRunnerWorker.java:95) ~[testng-7.5.jar:7.5]
	at org.testng.TestNG.runSuitesSequentially(TestNG.java:1249) ~[testng-7.5.jar:7.5]
	at org.testng.TestNG.runSuitesLocally(TestNG.java:1169) ~[testng-7.5.jar:7.5]
	at org.testng.TestNG.runSuites(TestNG.java:1092) ~[testng-7.5.jar:7.5]
	at org.testng.TestNG.run(TestNG.java:1060) ~[testng-7.5.jar:7.5]
	at com.intellij.rt.testng.IDEARemoteTestNG.run(IDEARemoteTestNG.java:66) ~[testng-rt.jar:?]
	at com.intellij.rt.testng.RemoteTestNGStarter.main(RemoteTestNGStarter.java:109) ~[testng-rt.jar:?]
2022-39-24 00:39:28.542 [main] DEBUG io.netty.util.internal.PlatformDependent0 - java.nio.Bits.unaligned: available, true
2022-39-24 00:39:28.543 [main] DEBUG io.netty.util.internal.PlatformDependent0 - jdk.internal.misc.Unsafe.allocateUninitializedArray(int): unavailable
java.lang.IllegalAccessException: class io.netty.util.internal.PlatformDependent0$6 cannot access class jdk.internal.misc.Unsafe (in module java.base) because module java.base does not export jdk.internal.misc to unnamed module @5762806e
	at jdk.internal.reflect.Reflection.newIllegalAccessException(Reflection.java:392) ~[?:?]
	at java.lang.reflect.AccessibleObject.checkAccess(AccessibleObject.java:674) ~[?:?]
	at java.lang.reflect.Method.invoke(Method.java:560) ~[?:?]
	at io.netty.util.internal.PlatformDependent0$6.run(PlatformDependent0.java:375) ~[netty-common-4.1.73.Final.jar:4.1.73.Final]
	at java.security.AccessController.doPrivileged(AccessController.java:318) ~[?:?]
	at io.netty.util.internal.PlatformDependent0.<clinit>(PlatformDependent0.java:366) ~[netty-common-4.1.73.Final.jar:4.1.73.Final]
	at io.netty.util.internal.PlatformDependent.isAndroid(PlatformDependent.java:294) ~[netty-common-4.1.73.Final.jar:4.1.73.Final]
	at io.netty.util.internal.PlatformDependent.<clinit>(PlatformDependent.java:88) ~[netty-common-4.1.73.Final.jar:4.1.73.Final]
	at io.netty.util.HashedWheelTimer.<init>(HashedWheelTimer.java:114) ~[netty-common-4.1.73.Final.jar:4.1.73.Final]
	at io.netty.util.HashedWheelTimer.<init>(HashedWheelTimer.java:251) ~[netty-common-4.1.73.Final.jar:4.1.73.Final]
	at io.netty.util.HashedWheelTimer.<init>(HashedWheelTimer.java:224) ~[netty-common-4.1.73.Final.jar:4.1.73.Final]
	at io.netty.util.HashedWheelTimer.<init>(HashedWheelTimer.java:203) ~[netty-common-4.1.73.Final.jar:4.1.73.Final]
	at org.asynchttpclient.DefaultAsyncHttpClient.newNettyTimer(DefaultAsyncHttpClient.java:111) ~[async-http-client-2.12.3.jar:?]
	at org.asynchttpclient.DefaultAsyncHttpClient.<init>(DefaultAsyncHttpClient.java:90) ~[async-http-client-2.12.3.jar:?]
	at org.asynchttpclient.Dsl.asyncHttpClient(Dsl.java:32) ~[async-http-client-2.12.3.jar:?]
	at org.openqa.selenium.remote.http.netty.NettyClient.createHttpClient(NettyClient.java:105) ~[selenium-remote-driver-4.1.2.jar:?]
	at org.openqa.selenium.remote.http.netty.NettyClient.<clinit>(NettyClient.java:50) ~[selenium-remote-driver-4.1.2.jar:?]
	at org.openqa.selenium.remote.http.netty.NettyClient$Factory.createClient(NettyClient.java:146) ~[selenium-remote-driver-4.1.2.jar:?]
	at org.openqa.selenium.remote.HttpCommandExecutor.<init>(HttpCommandExecutor.java:107) ~[selenium-remote-driver-4.1.2.jar:?]
	at org.openqa.selenium.remote.HttpCommandExecutor.<init>(HttpCommandExecutor.java:94) ~[selenium-remote-driver-4.1.2.jar:?]
	at org.openqa.selenium.remote.HttpCommandExecutor.<init>(HttpCommandExecutor.java:85) ~[selenium-remote-driver-4.1.2.jar:?]
	at org.openqa.selenium.remote.service.DriverCommandExecutor.<init>(DriverCommandExecutor.java:80) ~[selenium-remote-driver-4.1.2.jar:?]
	at org.openqa.selenium.chromium.ChromiumDriverCommandExecutor.<init>(ChromiumDriverCommandExecutor.java:35) ~[selenium-chromium-driver-4.1.2.jar:?]
	at org.openqa.selenium.chrome.ChromeDriver$ChromeDriverCommandExecutor.<init>(ChromeDriver.java:118) ~[selenium-chrome-driver-4.1.2.jar:?]
	at org.openqa.selenium.chrome.ChromeDriver.<init>(ChromeDriver.java:106) ~[selenium-chrome-driver-4.1.2.jar:?]
	at org.openqa.selenium.chrome.ChromeDriver.<init>(ChromeDriver.java:93) ~[selenium-chrome-driver-4.1.2.jar:?]
	at org.openqa.selenium.chrome.ChromeDriver.<init>(ChromeDriver.java:48) ~[selenium-chrome-driver-4.1.2.jar:?]
	at Base.BaseClass.init(BaseClass.java:25) ~[classes/:?]
	at TestClass.login(TestClass.java:11) ~[test-classes/:?]
	at jdk.internal.reflect.NativeMethodAccessorImpl.invoke0(Native Method) ~[?:?]
	at jdk.internal.reflect.NativeMethodAccessorImpl.invoke(NativeMethodAccessorImpl.java:77) ~[?:?]
	at jdk.internal.reflect.DelegatingMethodAccessorImpl.invoke(DelegatingMethodAccessorImpl.java:43) ~[?:?]
	at java.lang.reflect.Method.invoke(Method.java:568) ~[?:?]
	at org.testng.internal.invokers.MethodInvocationHelper.invokeMethod(MethodInvocationHelper.java:135) ~[testng-7.5.jar:7.5]
	at org.testng.internal.invokers.MethodInvocationHelper.invokeMethodConsideringTimeout(MethodInvocationHelper.java:65) ~[testng-7.5.jar:7.5]
	at org.testng.internal.invokers.ConfigInvoker.invokeConfigurationMethod(ConfigInvoker.java:381) ~[testng-7.5.jar:7.5]
	at org.testng.internal.invokers.ConfigInvoker.invokeConfigurations(ConfigInvoker.java:319) ~[testng-7.5.jar:7.5]
	at org.testng.TestRunner.invokeTestConfigurations(TestRunner.java:645) ~[testng-7.5.jar:7.5]
	at org.testng.TestRunner.beforeRun(TestRunner.java:634) ~[testng-7.5.jar:7.5]
	at org.testng.TestRunner.run(TestRunner.java:596) ~[testng-7.5.jar:7.5]
	at org.testng.SuiteRunner.runTest(SuiteRunner.java:429) ~[testng-7.5.jar:7.5]
	at org.testng.SuiteRunner.runSequentially(SuiteRunner.java:423) ~[testng-7.5.jar:7.5]
	at org.testng.SuiteRunner.privateRun(SuiteRunner.java:383) ~[testng-7.5.jar:7.5]
	at org.testng.SuiteRunner.run(SuiteRunner.java:326) ~[testng-7.5.jar:7.5]
	at org.testng.SuiteRunnerWorker.runSuite(SuiteRunnerWorker.java:52) ~[testng-7.5.jar:7.5]
	at org.testng.SuiteRunnerWorker.run(SuiteRunnerWorker.java:95) ~[testng-7.5.jar:7.5]
	at org.testng.TestNG.runSuitesSequentially(TestNG.java:1249) ~[testng-7.5.jar:7.5]
	at org.testng.TestNG.runSuitesLocally(TestNG.java:1169) ~[testng-7.5.jar:7.5]
	at org.testng.TestNG.runSuites(TestNG.java:1092) ~[testng-7.5.jar:7.5]
	at org.testng.TestNG.run(TestNG.java:1060) ~[testng-7.5.jar:7.5]
	at com.intellij.rt.testng.IDEARemoteTestNG.run(IDEARemoteTestNG.java:66) ~[testng-rt.jar:?]
	at com.intellij.rt.testng.RemoteTestNGStarter.main(RemoteTestNGStarter.java:109) ~[testng-rt.jar:?]
2022-39-24 00:39:28.544 [main] DEBUG io.netty.util.internal.PlatformDependent0 - java.nio.DirectByteBuffer.<init>(long, int): unavailable
2022-39-24 00:39:28.545 [main] DEBUG io.netty.util.internal.PlatformDependent - sun.misc.Unsafe: available
2022-39-24 00:39:28.545 [main] DEBUG io.netty.util.internal.PlatformDependent - maxDirectMemory: 4133486592 bytes (maybe)
2022-39-24 00:39:28.546 [main] DEBUG io.netty.util.internal.PlatformDependent - -Dio.netty.tmpdir: C:\Users\TBHATT~1\AppData\Local\Temp (java.io.tmpdir)
2022-39-24 00:39:28.546 [main] DEBUG io.netty.util.internal.PlatformDependent - -Dio.netty.bitMode: 64 (sun.arch.data.model)
2022-39-24 00:39:28.546 [main] DEBUG io.netty.util.internal.PlatformDependent - Platform: Windows
2022-39-24 00:39:28.547 [main] DEBUG io.netty.util.internal.PlatformDependent - -Dio.netty.maxDirectMemory: -1 bytes
2022-39-24 00:39:28.547 [main] DEBUG io.netty.util.internal.PlatformDependent - -Dio.netty.uninitializedArrayAllocationThreshold: -1
2022-39-24 00:39:28.549 [main] DEBUG io.netty.util.internal.CleanerJava9 - java.nio.ByteBuffer.cleaner(): available
2022-39-24 00:39:28.549 [main] DEBUG io.netty.util.internal.PlatformDependent - -Dio.netty.noPreferDirect: false
2022-39-24 00:39:28.556 [main] DEBUG io.netty.util.internal.PlatformDependent - org.jctools-core.MpscChunkedArrayQueue: available
2022-39-24 00:39:28.569 [main] DEBUG io.netty.util.internal.InternalThreadLocalMap - -Dio.netty.threadLocalMap.stringBuilder.initialSize: 1024
2022-39-24 00:39:28.570 [main] DEBUG io.netty.util.internal.InternalThreadLocalMap - -Dio.netty.threadLocalMap.stringBuilder.maxSize: 4096
2022-39-24 00:39:28.663 [main] DEBUG io.netty.handler.ssl.JdkSslContext - Default protocols (JDK): [TLSv1.3, TLSv1.2] 
2022-39-24 00:39:28.663 [main] DEBUG io.netty.handler.ssl.JdkSslContext - Default cipher suites (JDK): [TLS_ECDHE_ECDSA_WITH_AES_256_GCM_SHA384, TLS_ECDHE_ECDSA_WITH_AES_128_GCM_SHA256, TLS_ECDHE_RSA_WITH_AES_128_GCM_SHA256, TLS_ECDHE_RSA_WITH_AES_256_GCM_SHA384, TLS_ECDHE_RSA_WITH_AES_128_CBC_SHA, TLS_ECDHE_RSA_WITH_AES_256_CBC_SHA, TLS_RSA_WITH_AES_128_GCM_SHA256, TLS_RSA_WITH_AES_128_CBC_SHA, TLS_RSA_WITH_AES_256_CBC_SHA, TLS_AES_128_GCM_SHA256, TLS_AES_256_GCM_SHA384]
2022-39-24 00:39:28.681 [main] DEBUG io.netty.channel.MultithreadEventLoopGroup - -Dio.netty.eventLoopThreads: 16
2022-39-24 00:39:28.687 [main] DEBUG io.netty.channel.nio.NioEventLoop - -Dio.netty.noKeySetOptimization: false
2022-39-24 00:39:28.687 [main] DEBUG io.netty.channel.nio.NioEventLoop - -Dio.netty.selectorAutoRebuildThreshold: 512
2022-39-24 00:39:28.739 [main] DEBUG io.netty.buffer.PooledByteBufAllocator - -Dio.netty.allocator.numHeapArenas: 16
2022-39-24 00:39:28.740 [main] DEBUG io.netty.buffer.PooledByteBufAllocator - -Dio.netty.allocator.numDirectArenas: 16
2022-39-24 00:39:28.741 [main] DEBUG io.netty.buffer.PooledByteBufAllocator - -Dio.netty.allocator.pageSize: 8192
2022-39-24 00:39:28.741 [main] DEBUG io.netty.buffer.PooledByteBufAllocator - -Dio.netty.allocator.maxOrder: 11
2022-39-24 00:39:28.741 [main] DEBUG io.netty.buffer.PooledByteBufAllocator - -Dio.netty.allocator.chunkSize: 16777216
2022-39-24 00:39:28.741 [main] DEBUG io.netty.buffer.PooledByteBufAllocator - -Dio.netty.allocator.smallCacheSize: 256
2022-39-24 00:39:28.741 [main] DEBUG io.netty.buffer.PooledByteBufAllocator - -Dio.netty.allocator.normalCacheSize: 64
2022-39-24 00:39:28.742 [main] DEBUG io.netty.buffer.PooledByteBufAllocator - -Dio.netty.allocator.maxCachedBufferCapacity: 32768
2022-39-24 00:39:28.742 [main] DEBUG io.netty.buffer.PooledByteBufAllocator - -Dio.netty.allocator.cacheTrimInterval: 8192
2022-39-24 00:39:28.742 [main] DEBUG io.netty.buffer.PooledByteBufAllocator - -Dio.netty.allocator.cacheTrimIntervalMillis: 0
2022-39-24 00:39:28.743 [main] DEBUG io.netty.buffer.PooledByteBufAllocator - -Dio.netty.allocator.useCacheForAllThreads: true
2022-39-24 00:39:28.743 [main] DEBUG io.netty.buffer.PooledByteBufAllocator - -Dio.netty.allocator.maxCachedByteBuffersPerChunk: 1023
2022-39-24 00:39:28.750 [main] DEBUG io.netty.buffer.ByteBufUtil - -Dio.netty.allocator.type: pooled
2022-39-24 00:39:28.751 [main] DEBUG io.netty.buffer.ByteBufUtil - -Dio.netty.threadLocalDirectBufferSize: 0
2022-39-24 00:39:28.751 [main] DEBUG io.netty.buffer.ByteBufUtil - -Dio.netty.maxThreadLocalCharBufferSize: 16384
2022-39-24 00:39:29.114 [Forwarding newSession on session null to remote] DEBUG io.netty.channel.DefaultChannelId - -Dio.netty.processId: 25044 (auto-detected)
2022-39-24 00:39:29.115 [Forwarding newSession on session null to remote] DEBUG io.netty.util.NetUtil - -Djava.net.preferIPv4Stack: false
2022-39-24 00:39:29.117 [Forwarding newSession on session null to remote] DEBUG io.netty.util.NetUtil - -Djava.net.preferIPv6Addresses: false
2022-39-24 00:39:29.124 [Forwarding newSession on session null to remote] DEBUG io.netty.util.NetUtilInitializations - Loopback interface: lo (Software Loopback Interface 1, 127.0.0.1)
2022-39-24 00:39:29.125 [Forwarding newSession on session null to remote] DEBUG io.netty.util.NetUtil - Failed to get SOMAXCONN from sysctl and file \proc\sys\net\core\somaxconn. Default: 200
2022-39-24 00:39:29.157 [Forwarding newSession on session null to remote] DEBUG io.netty.channel.DefaultChannelId - -Dio.netty.machineId: 28:11:a8:ff:fe:cb:81:a3 (auto-detected)
2022-39-24 00:39:29.194 [AsyncHttpClient-1-2] DEBUG io.netty.buffer.AbstractByteBuf - -Dio.netty.buffer.checkAccessible: true
2022-39-24 00:39:29.194 [AsyncHttpClient-1-2] DEBUG io.netty.buffer.AbstractByteBuf - -Dio.netty.buffer.checkBounds: true
2022-39-24 00:39:29.194 [AsyncHttpClient-1-2] DEBUG io.netty.util.ResourceLeakDetectorFactory - Loaded default ResourceLeakDetector: io.netty.util.ResourceLeakDetector@66f47a48
2022-39-24 00:39:29.207 [AsyncHttpClient-1-2] DEBUG org.asynchttpclient.netty.channel.NettyConnectListener - Using new Channel '[id: 0x8c8d16e9, L:/127.0.0.1:53006 - R:localhost/127.0.0.1:54680]' for 'POST' to '/session'
2022-39-24 00:39:29.215 [AsyncHttpClient-1-2] DEBUG io.netty.util.Recycler - -Dio.netty.recycler.maxCapacityPerThread: 4096
2022-39-24 00:39:29.215 [AsyncHttpClient-1-2] DEBUG io.netty.util.Recycler - -Dio.netty.recycler.ratio: 8
2022-39-24 00:39:29.215 [AsyncHttpClient-1-2] DEBUG io.netty.util.Recycler - -Dio.netty.recycler.chunkSize: 32
2022-39-24 00:39:29.215 [AsyncHttpClient-1-2] DEBUG io.netty.util.Recycler - -Dio.netty.recycler.blocking: false
2022-39-24 00:39:30.038 [AsyncHttpClient-1-2] DEBUG io.netty.handler.codec.compression.Brotli - brotli4j not in the classpath; Brotli support will be unavailable.
2022-39-24 00:39:30.041 [AsyncHttpClient-1-2] DEBUG org.asynchttpclient.netty.handler.HttpHandler - 

Request DefaultHttpRequest(decodeResult: success, version: HTTP/1.1)
POST /session HTTP/1.1
User-Agent: selenium/4.1.2 (java windows)
Content-Length: 365
Content-Type: application/json; charset=utf-8
host: localhost:54680
accept: */*

Response DefaultHttpResponse(decodeResult: success, version: HTTP/1.1)
HTTP/1.1 200 OK
Content-Type: application/json; charset=utf-8
cache-control: no-cache
content-length: 791

2022-39-24 00:39:30.048 [AsyncHttpClient-1-2] DEBUG org.asynchttpclient.netty.channel.ChannelManager - Adding key: http://localhost:54680 for channel [id: 0x8c8d16e9, L:/127.0.0.1:53006 - R:localhost/127.0.0.1:54680]
2022-39-24 00:39:30.142 [AsyncHttpClient-1-3] DEBUG org.asynchttpclient.netty.channel.NettyConnectListener - Using new Channel '[id: 0xc482427d, L:/127.0.0.1:53016 - R:localhost/127.0.0.1:53008]' for 'GET' to '/json/version'
2022-39-24 00:39:30.153 [AsyncHttpClient-1-3] DEBUG org.asynchttpclient.netty.handler.HttpHandler - 

Request DefaultFullHttpRequest(decodeResult: success, version: HTTP/1.1, content: EmptyByteBufBE)
GET /json/version HTTP/1.1
User-Agent: selenium/4.1.2 (java windows)
host: localhost:53008
accept: */*

Response DefaultHttpResponse(decodeResult: success, version: HTTP/1.1)
HTTP/1.1 200 OK
Content-Type: application/json; charset=UTF-8
content-length: 429

2022-39-24 00:39:30.153 [AsyncHttpClient-1-3] DEBUG org.asynchttpclient.netty.channel.ChannelManager - Adding key: http://localhost:53008 for channel [id: 0xc482427d, L:/127.0.0.1:53016 - R:localhost/127.0.0.1:53008]
2022-39-24 00:39:30.164 [main] DEBUG io.netty.util.internal.ThreadLocalRandom - -Dio.netty.initialSeedUniquifier: 0x1ca772e035cd2487
2022-39-24 00:39:30.166 [AsyncHttpClient-1-4] DEBUG org.asynchttpclient.netty.channel.NettyConnectListener - Using new Channel '[id: 0x994497bd, L:/127.0.0.1:53017 - R:localhost/127.0.0.1:53008]' for 'GET' to '/devtools/browser/32478663-0932-4959-96e5-5b6b450437a3'
2022-39-24 00:39:30.173 [AsyncHttpClient-1-4] DEBUG org.asynchttpclient.netty.handler.WebSocketHandler - 

Request DefaultFullHttpRequest(decodeResult: success, version: HTTP/1.1, content: EmptyByteBufBE)
GET /devtools/browser/32478663-0932-4959-96e5-5b6b450437a3 HTTP/1.1
upgrade: websocket
connection: upgrade
sec-websocket-key: NqsWB/Wr62eb1Pz4jZhCEA==
sec-websocket-version: 13
origin: http://localhost:53008
host: localhost:53008
accept: */*
user-agent: AHC/2.1

Response DefaultHttpResponse(decodeResult: success, version: HTTP/1.1)
HTTP/1.1 101 WebSocket Protocol Handshake
Upgrade: WebSocket
Connection: Upgrade
Sec-WebSocket-Accept: EaOt1tbVXABThMNGi5ZcEbJ5sSs=

2022-39-24 00:39:30.197 [Forwarding maximizeCurrentWindow on session 9a56c98b6bbd6ba4f775417d1359350b to remote] DEBUG org.asynchttpclient.netty.request.NettyRequestSender - Using pooled Channel '[id: 0x8c8d16e9, L:/127.0.0.1:53006 - R:localhost/127.0.0.1:54680]' for 'POST' to 'http://localhost:54680/session/9a56c98b6bbd6ba4f775417d1359350b/window/maximize'
2022-39-24 00:39:30.197 [Forwarding maximizeCurrentWindow on session 9a56c98b6bbd6ba4f775417d1359350b to remote] DEBUG org.asynchttpclient.netty.request.NettyRequestSender - Using open Channel [id: 0x8c8d16e9, L:/127.0.0.1:53006 - R:localhost/127.0.0.1:54680] for POST '/session/9a56c98b6bbd6ba4f775417d1359350b/window/maximize'
2022-39-24 00:39:30.344 [AsyncHttpClient-1-2] DEBUG org.asynchttpclient.netty.handler.HttpHandler - 

Request DefaultHttpRequest(decodeResult: success, version: HTTP/1.1)
POST /session/9a56c98b6bbd6ba4f775417d1359350b/window/maximize HTTP/1.1
User-Agent: selenium/4.1.2 (java windows)
Content-Length: 3
Content-Type: application/json; charset=utf-8
host: localhost:54680
accept: */*

Response DefaultHttpResponse(decodeResult: success, version: HTTP/1.1)
HTTP/1.1 200 OK
Content-Type: application/json; charset=utf-8
cache-control: no-cache
content-length: 51

2022-39-24 00:39:30.347 [AsyncHttpClient-1-2] DEBUG org.asynchttpclient.netty.channel.ChannelManager - Adding key: http://localhost:54680 for channel [id: 0x8c8d16e9, L:/127.0.0.1:53006 - R:localhost/127.0.0.1:54680]
2022-39-24 00:39:30.349 [Forwarding get on session 9a56c98b6bbd6ba4f775417d1359350b to remote] DEBUG org.asynchttpclient.netty.request.NettyRequestSender - Using pooled Channel '[id: 0x8c8d16e9, L:/127.0.0.1:53006 - R:localhost/127.0.0.1:54680]' for 'POST' to 'http://localhost:54680/session/9a56c98b6bbd6ba4f775417d1359350b/url'
2022-39-24 00:39:30.349 [Forwarding get on session 9a56c98b6bbd6ba4f775417d1359350b to remote] DEBUG org.asynchttpclient.netty.request.NettyRequestSender - Using open Channel [id: 0x8c8d16e9, L:/127.0.0.1:53006 - R:localhost/127.0.0.1:54680] for POST '/session/9a56c98b6bbd6ba4f775417d1359350b/url'
2022-39-24 00:39:30.860 [AsyncHttpClient-1-1] DEBUG org.asynchttpclient.netty.channel.DefaultChannelPool - Entry count for : http://localhost:53008 : 1
2022-39-24 00:39:31.969 [AsyncHttpClient-1-1] DEBUG org.asynchttpclient.netty.channel.DefaultChannelPool - Entry count for : http://localhost:53008 : 1
2022-39-24 00:39:33.061 [AsyncHttpClient-1-1] DEBUG org.asynchttpclient.netty.channel.DefaultChannelPool - Entry count for : http://localhost:53008 : 1
2022-39-24 00:39:34.161 [AsyncHttpClient-1-1] DEBUG org.asynchttpclient.netty.channel.DefaultChannelPool - Entry count for : http://localhost:53008 : 1
2022-39-24 00:39:35.266 [AsyncHttpClient-1-1] DEBUG org.asynchttpclient.netty.channel.DefaultChannelPool - Entry count for : http://localhost:53008 : 1
2022-39-24 00:39:36.371 [AsyncHttpClient-1-1] DEBUG org.asynchttpclient.netty.channel.DefaultChannelPool - Entry count for : http://localhost:53008 : 1
2022-39-24 00:39:37.460 [AsyncHttpClient-1-1] DEBUG org.asynchttpclient.netty.channel.DefaultChannelPool - Entry count for : http://localhost:53008 : 1
2022-39-24 00:39:38.576 [AsyncHttpClient-1-1] DEBUG org.asynchttpclient.netty.channel.DefaultChannelPool - Entry count for : http://localhost:53008 : 1
2022-39-24 00:39:38.762 [AsyncHttpClient-1-2] DEBUG org.asynchttpclient.netty.handler.HttpHandler - 

Request DefaultHttpRequest(decodeResult: success, version: HTTP/1.1)
POST /session/9a56c98b6bbd6ba4f775417d1359350b/url HTTP/1.1
User-Agent: selenium/4.1.2 (java windows)
Content-Length: 87
Content-Type: application/json; charset=utf-8
host: localhost:54680
accept: */*

Response DefaultHttpResponse(decodeResult: success, version: HTTP/1.1)
HTTP/1.1 200 OK
Content-Type: application/json; charset=utf-8
cache-control: no-cache
content-length: 14

2022-39-24 00:39:38.765 [AsyncHttpClient-1-2] DEBUG org.asynchttpclient.netty.channel.ChannelManager - Adding key: http://localhost:54680 for channel [id: 0x8c8d16e9, L:/127.0.0.1:53006 - R:localhost/127.0.0.1:54680]
2022-39-24 00:39:38.773 [Forwarding setTimeout on session 9a56c98b6bbd6ba4f775417d1359350b to remote] DEBUG org.asynchttpclient.netty.request.NettyRequestSender - Using pooled Channel '[id: 0x8c8d16e9, L:/127.0.0.1:53006 - R:localhost/127.0.0.1:54680]' for 'POST' to 'http://localhost:54680/session/9a56c98b6bbd6ba4f775417d1359350b/timeouts'
2022-39-24 00:39:38.773 [Forwarding setTimeout on session 9a56c98b6bbd6ba4f775417d1359350b to remote] DEBUG org.asynchttpclient.netty.request.NettyRequestSender - Using open Channel [id: 0x8c8d16e9, L:/127.0.0.1:53006 - R:localhost/127.0.0.1:54680] for POST '/session/9a56c98b6bbd6ba4f775417d1359350b/timeouts'
2022-39-24 00:39:38.777 [AsyncHttpClient-1-2] DEBUG org.asynchttpclient.netty.handler.HttpHandler - 

Request DefaultHttpRequest(decodeResult: success, version: HTTP/1.1)
POST /session/9a56c98b6bbd6ba4f775417d1359350b/timeouts HTTP/1.1
User-Agent: selenium/4.1.2 (java windows)
Content-Length: 22
Content-Type: application/json; charset=utf-8
host: localhost:54680
accept: */*

Response DefaultHttpResponse(decodeResult: success, version: HTTP/1.1)
HTTP/1.1 200 OK
Content-Type: application/json; charset=utf-8
cache-control: no-cache
content-length: 14

2022-39-24 00:39:38.778 [AsyncHttpClient-1-2] DEBUG org.asynchttpclient.netty.channel.ChannelManager - Adding key: http://localhost:54680 for channel [id: 0x8c8d16e9, L:/127.0.0.1:53006 - R:localhost/127.0.0.1:54680]
2022-39-24 00:39:38.783 [Forwarding findElement on session 9a56c98b6bbd6ba4f775417d1359350b to remote] DEBUG org.asynchttpclient.netty.request.NettyRequestSender - Using pooled Channel '[id: 0x8c8d16e9, L:/127.0.0.1:53006 - R:localhost/127.0.0.1:54680]' for 'POST' to 'http://localhost:54680/session/9a56c98b6bbd6ba4f775417d1359350b/element'
2022-39-24 00:39:38.784 [Forwarding findElement on session 9a56c98b6bbd6ba4f775417d1359350b to remote] DEBUG org.asynchttpclient.netty.request.NettyRequestSender - Using open Channel [id: 0x8c8d16e9, L:/127.0.0.1:53006 - R:localhost/127.0.0.1:54680] for POST '/session/9a56c98b6bbd6ba4f775417d1359350b/element'
2022-39-24 00:39:38.803 [AsyncHttpClient-1-2] DEBUG org.asynchttpclient.netty.handler.HttpHandler - 

Request DefaultHttpRequest(decodeResult: success, version: HTTP/1.1)
POST /session/9a56c98b6bbd6ba4f775417d1359350b/element HTTP/1.1
User-Agent: selenium/4.1.2 (java windows)
Content-Length: 90
Content-Type: application/json; charset=utf-8
host: localhost:54680
accept: */*

Response DefaultHttpResponse(decodeResult: success, version: HTTP/1.1)
HTTP/1.1 200 OK
Content-Type: application/json; charset=utf-8
cache-control: no-cache
content-length: 88

2022-39-24 00:39:38.804 [AsyncHttpClient-1-2] DEBUG org.asynchttpclient.netty.channel.ChannelManager - Adding key: http://localhost:54680 for channel [id: 0x8c8d16e9, L:/127.0.0.1:53006 - R:localhost/127.0.0.1:54680]
2022-39-24 00:39:38.817 [Forwarding sendKeysToElement on session 9a56c98b6bbd6ba4f775417d1359350b to remote] DEBUG org.asynchttpclient.netty.request.NettyRequestSender - Using pooled Channel '[id: 0x8c8d16e9, L:/127.0.0.1:53006 - R:localhost/127.0.0.1:54680]' for 'POST' to 'http://localhost:54680/session/9a56c98b6bbd6ba4f775417d1359350b/element/b745bc64-4edd-4b65-b511-c96e4b6a8b3b/value'
2022-39-24 00:39:38.818 [Forwarding sendKeysToElement on session 9a56c98b6bbd6ba4f775417d1359350b to remote] DEBUG org.asynchttpclient.netty.request.NettyRequestSender - Using open Channel [id: 0x8c8d16e9, L:/127.0.0.1:53006 - R:localhost/127.0.0.1:54680] for POST '/session/9a56c98b6bbd6ba4f775417d1359350b/element/b745bc64-4edd-4b65-b511-c96e4b6a8b3b/value'
2022-39-24 00:39:38.884 [AsyncHttpClient-1-2] DEBUG org.asynchttpclient.netty.handler.HttpHandler - 

Request DefaultHttpRequest(decodeResult: success, version: HTTP/1.1)
POST /session/9a56c98b6bbd6ba4f775417d1359350b/element/b745bc64-4edd-4b65-b511-c96e4b6a8b3b/value HTTP/1.1
User-Agent: selenium/4.1.2 (java windows)
Content-Length: 191
Content-Type: application/json; charset=utf-8
host: localhost:54680
accept: */*

Response DefaultHttpResponse(decodeResult: success, version: HTTP/1.1)
HTTP/1.1 200 OK
Content-Type: application/json; charset=utf-8
cache-control: no-cache
content-length: 14

2022-39-24 00:39:38.885 [AsyncHttpClient-1-2] DEBUG org.asynchttpclient.netty.channel.ChannelManager - Adding key: http://localhost:54680 for channel [id: 0x8c8d16e9, L:/127.0.0.1:53006 - R:localhost/127.0.0.1:54680]
2022-39-24 00:39:38.888 [Forwarding findElement on session 9a56c98b6bbd6ba4f775417d1359350b to remote] DEBUG org.asynchttpclient.netty.request.NettyRequestSender - Using pooled Channel '[id: 0x8c8d16e9, L:/127.0.0.1:53006 - R:localhost/127.0.0.1:54680]' for 'POST' to 'http://localhost:54680/session/9a56c98b6bbd6ba4f775417d1359350b/element'
2022-39-24 00:39:38.889 [Forwarding findElement on session 9a56c98b6bbd6ba4f775417d1359350b to remote] DEBUG org.asynchttpclient.netty.request.NettyRequestSender - Using open Channel [id: 0x8c8d16e9, L:/127.0.0.1:53006 - R:localhost/127.0.0.1:54680] for POST '/session/9a56c98b6bbd6ba4f775417d1359350b/element'
2022-39-24 00:39:38.900 [AsyncHttpClient-1-2] DEBUG org.asynchttpclient.netty.handler.HttpHandler - 

Request DefaultHttpRequest(decodeResult: success, version: HTTP/1.1)
POST /session/9a56c98b6bbd6ba4f775417d1359350b/element HTTP/1.1
User-Agent: selenium/4.1.2 (java windows)
Content-Length: 90
Content-Type: application/json; charset=utf-8
host: localhost:54680
accept: */*

Response DefaultHttpResponse(decodeResult: success, version: HTTP/1.1)
HTTP/1.1 200 OK
Content-Type: application/json; charset=utf-8
cache-control: no-cache
content-length: 88

2022-39-24 00:39:38.900 [AsyncHttpClient-1-2] DEBUG org.asynchttpclient.netty.channel.ChannelManager - Adding key: http://localhost:54680 for channel [id: 0x8c8d16e9, L:/127.0.0.1:53006 - R:localhost/127.0.0.1:54680]
2022-39-24 00:39:38.902 [Forwarding sendKeysToElement on session 9a56c98b6bbd6ba4f775417d1359350b to remote] DEBUG org.asynchttpclient.netty.request.NettyRequestSender - Using pooled Channel '[id: 0x8c8d16e9, L:/127.0.0.1:53006 - R:localhost/127.0.0.1:54680]' for 'POST' to 'http://localhost:54680/session/9a56c98b6bbd6ba4f775417d1359350b/element/a0dd5759-9198-481c-8ad7-97705cce9241/value'
2022-39-24 00:39:38.903 [Forwarding sendKeysToElement on session 9a56c98b6bbd6ba4f775417d1359350b to remote] DEBUG org.asynchttpclient.netty.request.NettyRequestSender - Using open Channel [id: 0x8c8d16e9, L:/127.0.0.1:53006 - R:localhost/127.0.0.1:54680] for POST '/session/9a56c98b6bbd6ba4f775417d1359350b/element/a0dd5759-9198-481c-8ad7-97705cce9241/value'
2022-39-24 00:39:38.952 [AsyncHttpClient-1-2] DEBUG org.asynchttpclient.netty.handler.HttpHandler - 

Request DefaultHttpRequest(decodeResult: success, version: HTTP/1.1)
POST /session/9a56c98b6bbd6ba4f775417d1359350b/element/a0dd5759-9198-481c-8ad7-97705cce9241/value HTTP/1.1
User-Agent: selenium/4.1.2 (java windows)
Content-Length: 141
Content-Type: application/json; charset=utf-8
host: localhost:54680
accept: */*

Response DefaultHttpResponse(decodeResult: success, version: HTTP/1.1)
HTTP/1.1 200 OK
Content-Type: application/json; charset=utf-8
cache-control: no-cache
content-length: 14

2022-39-24 00:39:38.953 [AsyncHttpClient-1-2] DEBUG org.asynchttpclient.netty.channel.ChannelManager - Adding key: http://localhost:54680 for channel [id: 0x8c8d16e9, L:/127.0.0.1:53006 - R:localhost/127.0.0.1:54680]
2022-39-24 00:39:38.956 [Forwarding findElement on session 9a56c98b6bbd6ba4f775417d1359350b to remote] DEBUG org.asynchttpclient.netty.request.NettyRequestSender - Using pooled Channel '[id: 0x8c8d16e9, L:/127.0.0.1:53006 - R:localhost/127.0.0.1:54680]' for 'POST' to 'http://localhost:54680/session/9a56c98b6bbd6ba4f775417d1359350b/element'
2022-39-24 00:39:38.957 [Forwarding findElement on session 9a56c98b6bbd6ba4f775417d1359350b to remote] DEBUG org.asynchttpclient.netty.request.NettyRequestSender - Using open Channel [id: 0x8c8d16e9, L:/127.0.0.1:53006 - R:localhost/127.0.0.1:54680] for POST '/session/9a56c98b6bbd6ba4f775417d1359350b/element'
2022-39-24 00:39:38.970 [AsyncHttpClient-1-2] DEBUG org.asynchttpclient.netty.handler.HttpHandler - 

Request DefaultHttpRequest(decodeResult: success, version: HTTP/1.1)
POST /session/9a56c98b6bbd6ba4f775417d1359350b/element HTTP/1.1
User-Agent: selenium/4.1.2 (java windows)
Content-Length: 70
Content-Type: application/json; charset=utf-8
host: localhost:54680
accept: */*

Response DefaultHttpResponse(decodeResult: success, version: HTTP/1.1)
HTTP/1.1 200 OK
Content-Type: application/json; charset=utf-8
cache-control: no-cache
content-length: 88

2022-39-24 00:39:38.971 [AsyncHttpClient-1-2] DEBUG org.asynchttpclient.netty.channel.ChannelManager - Adding key: http://localhost:54680 for channel [id: 0x8c8d16e9, L:/127.0.0.1:53006 - R:localhost/127.0.0.1:54680]
2022-39-24 00:39:38.974 [Forwarding clickElement on session 9a56c98b6bbd6ba4f775417d1359350b to remote] DEBUG org.asynchttpclient.netty.request.NettyRequestSender - Using pooled Channel '[id: 0x8c8d16e9, L:/127.0.0.1:53006 - R:localhost/127.0.0.1:54680]' for 'POST' to 'http://localhost:54680/session/9a56c98b6bbd6ba4f775417d1359350b/element/b22e875e-9ba1-43e9-87f3-f9fd885cb6b6/click'
2022-39-24 00:39:38.975 [Forwarding clickElement on session 9a56c98b6bbd6ba4f775417d1359350b to remote] DEBUG org.asynchttpclient.netty.request.NettyRequestSender - Using open Channel [id: 0x8c8d16e9, L:/127.0.0.1:53006 - R:localhost/127.0.0.1:54680] for POST '/session/9a56c98b6bbd6ba4f775417d1359350b/element/b22e875e-9ba1-43e9-87f3-f9fd885cb6b6/click'
2022-39-24 00:39:39.015 [AsyncHttpClient-1-2] DEBUG org.asynchttpclient.netty.handler.HttpHandler - 

Request DefaultHttpRequest(decodeResult: success, version: HTTP/1.1)
POST /session/9a56c98b6bbd6ba4f775417d1359350b/element/b22e875e-9ba1-43e9-87f3-f9fd885cb6b6/click HTTP/1.1
User-Agent: selenium/4.1.2 (java windows)
Content-Length: 50
Content-Type: application/json; charset=utf-8
host: localhost:54680
accept: */*

Response DefaultHttpResponse(decodeResult: success, version: HTTP/1.1)
HTTP/1.1 200 OK
Content-Type: application/json; charset=utf-8
cache-control: no-cache
content-length: 14

2022-39-24 00:39:39.016 [AsyncHttpClient-1-2] DEBUG org.asynchttpclient.netty.channel.ChannelManager - Adding key: http://localhost:54680 for channel [id: 0x8c8d16e9, L:/127.0.0.1:53006 - R:localhost/127.0.0.1:54680]
